<?xml version="1.0" encoding="UTF-8"?>
<testng-results ignored="0" total="1" passed="1" failed="0" skipped="0">
  <reporter-output>
  </reporter-output>
  <suite started-at="2022-03-28T02:48:27Z" name="WebDriver" finished-at="2022-03-28T02:48:39Z" duration-ms="12271">
    <groups>
    </groups>
    <test started-at="2022-03-28T02:48:27Z" name="Test" finished-at="2022-03-28T02:48:39Z" duration-ms="12271">
      <class name="TestNG.tc1">
        <test-method is-config="true" signature="launch()[pri:0, instance:TestNG.tc1@548ad73b]" started-at="2022-03-28T02:48:27Z" name="launch" finished-at="2022-03-28T02:48:37Z" duration-ms="10396" status="PASS">
          <reporter-output>
          </reporter-output>
        </test-method> <!-- launch -->
        <test-method signature="verfiy()[pri:0, instance:TestNG.tc1@548ad73b]" started-at="2022-03-28T02:48:37Z" name="verfiy" finished-at="2022-03-28T02:48:39Z" duration-ms="1611" status="PASS">
          <reporter-output>
          </reporter-output>
        </test-method> <!-- verfiy -->
        <test-method is-config="true" signature="close()[pri:0, instance:TestNG.tc1@548ad73b]" started-at="2022-03-28T02:48:39Z" name="close" finished-at="2022-03-28T02:48:39Z" duration-ms="222" status="PASS">
          <reporter-output>
          </reporter-output>
        </test-method> <!-- close -->
      </class> <!-- TestNG.tc1 -->
    </test> <!-- Test -->
  </suite> <!-- WebDriver -->
</testng-results>
