<?xml version="1.0" encoding="UTF-8"?>
<testng-results skipped="0" failed="0" ignored="0" total="1" passed="1">
  <reporter-output>
  </reporter-output>
  <suite name="Default suite" duration-ms="15639" started-at="2020-08-09T02:17:20Z" finished-at="2020-08-09T02:17:36Z">
    <groups>
    </groups>
    <test name="Default test" duration-ms="15639" started-at="2020-08-09T02:17:20Z" finished-at="2020-08-09T02:17:36Z">
      <class name="TestNG.tc1">
        <test-method status="PASS" signature="launch()[pri:0, instance:TestNG.tc1@4501b7af]" name="launch" is-config="true" duration-ms="10259" started-at="2020-08-09T02:17:20Z" finished-at="2020-08-09T02:17:30Z">
          <reporter-output>
          </reporter-output>
        </test-method> <!-- launch -->
        <test-method status="PASS" signature="verfiy()[pri:0, instance:TestNG.tc1@4501b7af]" name="verfiy" duration-ms="5276" started-at="2020-08-09T02:17:30Z" finished-at="2020-08-09T02:17:36Z">
          <reporter-output>
          </reporter-output>
        </test-method> <!-- verfiy -->
        <test-method status="PASS" signature="close()[pri:0, instance:TestNG.tc1@4501b7af]" name="close" is-config="true" duration-ms="0" started-at="2020-08-09T02:17:36Z" finished-at="2020-08-09T02:17:36Z">
          <reporter-output>
          </reporter-output>
        </test-method> <!-- close -->
      </class> <!-- TestNG.tc1 -->
    </test> <!-- Default test -->
  </suite> <!-- Default suite -->
</testng-results>
